<?xml version="1.0" encoding="utf-8"?><testsuites name="pytest tests"><testsuite name="pytest" errors="0" failures="0" skipped="0" tests="20" time="4.732" timestamp="2026-03-22T15:50:04.559615+00:00" hostname="agent-env-676843a3-ae07-4471-b4d9-931dccfb34c1"><testcase classname="backend.tests.test_admin_dashboard.TestAdminAuth" name="test_admin_login_success" time="0.246" /><testcase classname="backend.tests.test_admin_dashboard.TestAdminAuth" name="test_admin_login_wrong_email" time="0.134" /><testcase classname="backend.tests.test_admin_dashboard.TestAdminAuth" name="test_admin_login_wrong_password" time="0.103" /><testcase classname="backend.tests.test_admin_dashboard.TestAdminAuth" name="test_admin_me_without_token" time="0.127" /><testcase classname="backend.tests.test_admin_dashboard.TestAdminStats" name="test_admin_stats_returns_all_fields" time="0.236" /><testcase classname="backend.tests.test_admin_dashboard.TestAdminStats" name="test_admin_stats_without_token" time="0.201" /><testcase classname="backend.tests.test_admin_dashboard.TestAdminUsers" name="test_admin_users_returns_list" time="0.263" /><testcase classname="backend.tests.test_admin_dashboard.TestAdminDesigns" name="test_admin_designs_returns_list" time="0.252" /><testcase classname="backend.tests.test_admin_dashboard.TestAdminChatHistory" name="test_admin_chat_history_returns_list" time="0.209" /><testcase classname="backend.tests.test_admin_dashboard.TestAdminChatHistory" name="test_admin_chat_history_with_limit" time="0.258" /><testcase classname="backend.tests.test_admin_dashboard.TestAdminActivity" name="test_admin_activity_returns_both_types" time="0.219" /><testcase classname="backend.tests.test_admin_dashboard.TestAdminOntology" name="test_admin_ontology_returns_full_structure" time="0.223" /><testcase classname="backend.tests.test_admin_dashboard.TestAdminSecurityLogs" name="test_admin_security_logs_returns_all_sections" time="0.211" /><testcase classname="backend.tests.test_admin_dashboard.TestAdminSystemHealth" name="test_admin_system_health_returns_metrics" time="0.328" /><testcase classname="backend.tests.test_admin_dashboard.TestAdminOntologyUpdate" name="test_ontology_add_shape" time="0.225" /><testcase classname="backend.tests.test_admin_dashboard.TestAdminOntologyUpdate" name="test_ontology_remove_shape" time="0.320" /><testcase classname="backend.tests.test_admin_dashboard.TestAdminOntologyUpdate" name="test_ontology_add_material" time="0.354" /><testcase classname="backend.tests.test_admin_dashboard.TestAdminOntologyUpdate" name="test_ontology_add_color" time="0.315" /><testcase classname="backend.tests.test_admin_dashboard.TestAdminOntologyUpdate" name="test_ontology_invalid_field" time="0.214" /><testcase classname="backend.tests.test_admin_dashboard.TestAdminOntologyUpdate" name="test_ontology_update_without_token" time="0.211" /></testsuite></testsuites>